<?xml version="1.0" encoding="UTF-8"?>
<testsuite name="com.ironyard.BandInTrebleApplicationTests" tests="1" skipped="0" failures="0" errors="0" timestamp="2016-07-10T18:25:18" hostname="Jeffrys-MacBook-Pro.local" time="0.003">
  <properties/>
  <testcase name="contextLoads" classname="com.ironyard.BandInTrebleApplicationTests" time="0.003"/>
  <system-out><![CDATA[14:25:14.987 [Test worker] DEBUG org.springframework.test.context.junit4.SpringJUnit4ClassRunner - SpringJUnit4ClassRunner constructor called with [class com.ironyard.BandInTrebleApplicationTests]
14:25:14.991 [Test worker] DEBUG org.springframework.test.context.BootstrapUtils - Instantiating CacheAwareContextLoaderDelegate from class [org.springframework.test.context.cache.DefaultCacheAwareContextLoaderDelegate]
14:25:14.995 [Test worker] DEBUG org.springframework.test.context.BootstrapUtils - Instantiating BootstrapContext using constructor [public org.springframework.test.context.support.DefaultBootstrapContext(java.lang.Class,org.springframework.test.context.CacheAwareContextLoaderDelegate)]
14:25:15.004 [Test worker] DEBUG org.springframework.test.context.BootstrapUtils - Instantiating TestContextBootstrapper for test class [com.ironyard.BandInTrebleApplicationTests] from class [org.springframework.test.context.web.WebTestContextBootstrapper]
14:25:15.020 [Test worker] DEBUG org.springframework.test.context.web.WebTestContextBootstrapper - Found explicit ContextLoader class [org.springframework.boot.test.SpringApplicationContextLoader] for context configuration attributes [ContextConfigurationAttributes@65e9a13e declaringClass = 'com.ironyard.BandInTrebleApplicationTests', classes = '{class com.ironyard.BandInTrebleApplication}', locations = '{}', inheritLocations = true, initializers = '{}', inheritInitializers = true, name = [null], contextLoaderClass = 'org.springframework.boot.test.SpringApplicationContextLoader']
14:25:15.025 [Test worker] DEBUG org.springframework.test.context.support.AbstractContextLoader - Did not detect default resource location for test class [com.ironyard.BandInTrebleApplicationTests]: class path resource [com/ironyard/BandInTrebleApplicationTests-context.xml] does not exist
14:25:15.025 [Test worker] DEBUG org.springframework.test.context.support.AbstractContextLoader - Did not detect default resource location for test class [com.ironyard.BandInTrebleApplicationTests]: class path resource [com/ironyard/BandInTrebleApplicationTestsContext.groovy] does not exist
14:25:15.026 [Test worker] INFO org.springframework.test.context.support.AbstractContextLoader - Could not detect default resource locations for test class [com.ironyard.BandInTrebleApplicationTests]: no resource found for suffixes {-context.xml, Context.groovy}.
14:25:15.027 [Test worker] DEBUG org.springframework.test.context.support.ActiveProfilesUtils - Could not find an 'annotation declaring class' for annotation type [org.springframework.test.context.ActiveProfiles] and class [com.ironyard.BandInTrebleApplicationTests]
14:25:15.030 [Test worker] DEBUG org.springframework.test.context.web.WebTestContextBootstrapper - @TestExecutionListeners is not present for class [com.ironyard.BandInTrebleApplicationTests]: using defaults.
14:25:15.036 [Test worker] INFO org.springframework.test.context.web.WebTestContextBootstrapper - Loaded default TestExecutionListener class names from location [META-INF/spring.factories]: [org.springframework.test.context.web.ServletTestExecutionListener, org.springframework.test.context.support.DirtiesContextBeforeModesTestExecutionListener, org.springframework.test.context.support.DependencyInjectionTestExecutionListener, org.springframework.test.context.support.DirtiesContextTestExecutionListener, org.springframework.test.context.transaction.TransactionalTestExecutionListener, org.springframework.test.context.jdbc.SqlScriptsTestExecutionListener]
14:25:15.049 [Test worker] INFO org.springframework.test.context.web.WebTestContextBootstrapper - Using TestExecutionListeners: [org.springframework.test.context.web.ServletTestExecutionListener@1ee4fc5d, org.springframework.test.context.support.DirtiesContextBeforeModesTestExecutionListener@6853092a, org.springframework.test.context.support.DependencyInjectionTestExecutionListener@4a410e83, org.springframework.test.context.support.DirtiesContextTestExecutionListener@1f9b4686, org.springframework.test.context.transaction.TransactionalTestExecutionListener@26a4573c, org.springframework.test.context.jdbc.SqlScriptsTestExecutionListener@56ce109b]
14:25:15.052 [Test worker] DEBUG org.springframework.test.annotation.ProfileValueUtils - Retrieved @ProfileValueSourceConfiguration [null] for test class [com.ironyard.BandInTrebleApplicationTests]
14:25:15.052 [Test worker] DEBUG org.springframework.test.annotation.ProfileValueUtils - Retrieved ProfileValueSource type [class org.springframework.test.annotation.SystemProfileValueSource] for class [com.ironyard.BandInTrebleApplicationTests]
14:25:15.053 [Test worker] DEBUG org.springframework.test.annotation.ProfileValueUtils - Retrieved @ProfileValueSourceConfiguration [null] for test class [com.ironyard.BandInTrebleApplicationTests]
14:25:15.053 [Test worker] DEBUG org.springframework.test.annotation.ProfileValueUtils - Retrieved ProfileValueSource type [class org.springframework.test.annotation.SystemProfileValueSource] for class [com.ironyard.BandInTrebleApplicationTests]
14:25:15.056 [Test worker] DEBUG org.springframework.test.context.support.AbstractDirtiesContextTestExecutionListener - Before test class: context [DefaultTestContext@5da04d11 testClass = BandInTrebleApplicationTests, testInstance = [null], testMethod = [null], testException = [null], mergedContextConfiguration = [WebMergedContextConfiguration@529f3ff5 testClass = BandInTrebleApplicationTests, locations = '{}', classes = '{class com.ironyard.BandInTrebleApplication}', contextInitializerClasses = '[]', activeProfiles = '{}', propertySourceLocations = '{}', propertySourceProperties = '{}', resourceBasePath = 'src/main/webapp', contextLoader = 'org.springframework.boot.test.SpringApplicationContextLoader', parent = [null]]], class annotated with @DirtiesContext [false] with mode [null].
14:25:15.056 [Test worker] DEBUG org.springframework.test.annotation.ProfileValueUtils - Retrieved @ProfileValueSourceConfiguration [null] for test class [com.ironyard.BandInTrebleApplicationTests]
14:25:15.056 [Test worker] DEBUG org.springframework.test.annotation.ProfileValueUtils - Retrieved ProfileValueSource type [class org.springframework.test.annotation.SystemProfileValueSource] for class [com.ironyard.BandInTrebleApplicationTests]
14:25:15.104 [Test worker] DEBUG org.springframework.core.env.StandardEnvironment - Adding [systemProperties] PropertySource with lowest search precedence
14:25:15.106 [Test worker] DEBUG org.springframework.core.env.StandardEnvironment - Adding [systemEnvironment] PropertySource with lowest search precedence
14:25:15.106 [Test worker] DEBUG org.springframework.core.env.StandardEnvironment - Initialized StandardEnvironment with PropertySources [systemProperties,systemEnvironment]
14:25:15.107 [Test worker] DEBUG org.springframework.core.env.StandardEnvironment - Adding [integrationTest] PropertySource with search precedence immediately lower than [systemEnvironment]

  .   ____          _            __ _ _
 /\\ / ___'_ __ _ _(_)_ __  __ _ \ \ \ \
( ( )\___ | '_ | '_| | '_ \/ _` | \ \ \ \
 \\/  ___)| |_)| | | | | || (_| |  ) ) ) )
  '  |____| .__|_| |_|_| |_\__, | / / / /
 =========|_|==============|___/=/_/_/_/
 :: Spring Boot ::        (v1.3.6.RELEASE)

2016-07-10 14:25:15.604  INFO 49660 --- [    Test worker] c.ironyard.BandInTrebleApplicationTests  : Starting BandInTrebleApplicationTests on Jeffrys-MacBook-Pro.local with PID 49660 (/Users/jeffryporter/IdeaProjects/BandInTreble/build/classes/test started by jeffryporter in /Users/jeffryporter/IdeaProjects/BandInTreble)
2016-07-10 14:25:15.605  INFO 49660 --- [    Test worker] c.ironyard.BandInTrebleApplicationTests  : No active profile set, falling back to default profiles: default
2016-07-10 14:25:15.655  INFO 49660 --- [    Test worker] o.s.w.c.s.GenericWebApplicationContext   : Refreshing org.springframework.web.context.support.GenericWebApplicationContext@7e7233c7: startup date [Sun Jul 10 14:25:15 EDT 2016]; root of context hierarchy
2016-07-10 14:25:16.514  INFO 49660 --- [    Test worker] trationDelegate$BeanPostProcessorChecker : Bean 'org.springframework.transaction.annotation.ProxyTransactionManagementConfiguration' of type [class org.springframework.transaction.annotation.ProxyTransactionManagementConfiguration$$EnhancerBySpringCGLIB$$4e2669df] is not eligible for getting processed by all BeanPostProcessors (for example: not eligible for auto-proxying)
2016-07-10 14:25:16.806  INFO 49660 --- [    Test worker] j.LocalContainerEntityManagerFactoryBean : Building JPA container EntityManagerFactory for persistence unit 'default'
2016-07-10 14:25:16.825  INFO 49660 --- [    Test worker] o.hibernate.jpa.internal.util.LogHelper  : HHH000204: Processing PersistenceUnitInfo [
	name: default
	...]
2016-07-10 14:25:16.878  INFO 49660 --- [    Test worker] org.hibernate.Version                    : HHH000412: Hibernate Core {4.3.11.Final}
2016-07-10 14:25:16.880  INFO 49660 --- [    Test worker] org.hibernate.cfg.Environment            : HHH000206: hibernate.properties not found
2016-07-10 14:25:16.881  INFO 49660 --- [    Test worker] org.hibernate.cfg.Environment            : HHH000021: Bytecode provider name : javassist
2016-07-10 14:25:16.989  INFO 49660 --- [    Test worker] o.hibernate.annotations.common.Version   : HCANN000001: Hibernate Commons Annotations {4.0.5.Final}
2016-07-10 14:25:17.178  INFO 49660 --- [    Test worker] org.hibernate.dialect.Dialect            : HHH000400: Using dialect: org.hibernate.dialect.H2Dialect
2016-07-10 14:25:17.263  INFO 49660 --- [    Test worker] o.h.h.i.ast.ASTQueryTranslatorFactory    : HHH000397: Using ASTQueryTranslatorFactory
2016-07-10 14:25:17.517  INFO 49660 --- [    Test worker] org.hibernate.tool.hbm2ddl.SchemaUpdate  : HHH000228: Running hbm2ddl schema update
2016-07-10 14:25:17.517  INFO 49660 --- [    Test worker] org.hibernate.tool.hbm2ddl.SchemaUpdate  : HHH000102: Fetching database metadata
2016-07-10 14:25:17.519  INFO 49660 --- [    Test worker] org.hibernate.tool.hbm2ddl.SchemaUpdate  : HHH000396: Updating schema
2016-07-10 14:25:17.530  INFO 49660 --- [    Test worker] o.hibernate.tool.hbm2ddl.TableMetadata   : HHH000261: Table found: MAIN.PUBLIC.BAND_MANAGERS
2016-07-10 14:25:17.530  INFO 49660 --- [    Test worker] o.hibernate.tool.hbm2ddl.TableMetadata   : HHH000037: Columns: [user_id, id, instrument_needed]
2016-07-10 14:25:17.530  INFO 49660 --- [    Test worker] o.hibernate.tool.hbm2ddl.TableMetadata   : HHH000108: Foreign keys: [fk_rjkufop1kkt40o345fpk5psni]
2016-07-10 14:25:17.530  INFO 49660 --- [    Test worker] o.hibernate.tool.hbm2ddl.TableMetadata   : HHH000126: Indexes: [fk_rjkufop1kkt40o345fpk5psni_index_e, primary_key_e]
2016-07-10 14:25:17.534  INFO 49660 --- [    Test worker] o.hibernate.tool.hbm2ddl.TableMetadata   : HHH000261: Table found: MAIN.PUBLIC.MUSICIANS
2016-07-10 14:25:17.535  INFO 49660 --- [    Test worker] o.hibernate.tool.hbm2ddl.TableMetadata   : HHH000037: Columns: [backup_guitarist, cow_bell_player, lead_guitarist, pianist, user_id, backup_singer, bassist, id, lead_singer, tambourine, drummer]
2016-07-10 14:25:17.535  INFO 49660 --- [    Test worker] o.hibernate.tool.hbm2ddl.TableMetadata   : HHH000108: Foreign keys: [fk_v5ghfq5d9sugbqsc26j73e93]
2016-07-10 14:25:17.535  INFO 49660 --- [    Test worker] o.hibernate.tool.hbm2ddl.TableMetadata   : HHH000126: Indexes: [primary_key_b, fk_v5ghfq5d9sugbqsc26j73e93_index_b]
2016-07-10 14:25:17.538  INFO 49660 --- [    Test worker] o.hibernate.tool.hbm2ddl.TableMetadata   : HHH000261: Table found: MAIN.PUBLIC.USERS
2016-07-10 14:25:17.538  INFO 49660 --- [    Test worker] o.hibernate.tool.hbm2ddl.TableMetadata   : HHH000037: Columns: [password, name, phone_number, id, avatar, email]
2016-07-10 14:25:17.539  INFO 49660 --- [    Test worker] o.hibernate.tool.hbm2ddl.TableMetadata   : HHH000108: Foreign keys: []
2016-07-10 14:25:17.539  INFO 49660 --- [    Test worker] o.hibernate.tool.hbm2ddl.TableMetadata   : HHH000126: Indexes: [primary_key_bfe]
2016-07-10 14:25:17.544 ERROR 49660 --- [    Test worker] org.hibernate.tool.hbm2ddl.SchemaUpdate  : HHH000388: Unsuccessful: alter table band_managers add column rating integer not null
2016-07-10 14:25:17.544 ERROR 49660 --- [    Test worker] org.hibernate.tool.hbm2ddl.SchemaUpdate  : NULL not allowed for column "RATING"; SQL statement:
alter table band_managers add column rating integer not null [23502-192]
2016-07-10 14:25:17.560 ERROR 49660 --- [    Test worker] org.hibernate.tool.hbm2ddl.SchemaUpdate  : HHH000388: Unsuccessful: alter table musicians add column hourly_rate double not null
2016-07-10 14:25:17.560 ERROR 49660 --- [    Test worker] org.hibernate.tool.hbm2ddl.SchemaUpdate  : NULL not allowed for column "HOURLY_RATE"; SQL statement:
alter table musicians add column hourly_rate double not null [23502-192]
2016-07-10 14:25:17.562 ERROR 49660 --- [    Test worker] org.hibernate.tool.hbm2ddl.SchemaUpdate  : HHH000388: Unsuccessful: alter table musicians add column rating double not null
2016-07-10 14:25:17.562 ERROR 49660 --- [    Test worker] org.hibernate.tool.hbm2ddl.SchemaUpdate  : NULL not allowed for column "RATING"; SQL statement:
alter table musicians add column rating double not null [23502-192]
2016-07-10 14:25:17.566  INFO 49660 --- [    Test worker] org.hibernate.tool.hbm2ddl.SchemaUpdate  : HHH000232: Schema update complete
2016-07-10 14:25:18.227  INFO 49660 --- [    Test worker] s.w.s.m.m.a.RequestMappingHandlerAdapter : Looking for @ControllerAdvice: org.springframework.web.context.support.GenericWebApplicationContext@7e7233c7: startup date [Sun Jul 10 14:25:15 EDT 2016]; root of context hierarchy
2016-07-10 14:25:18.278  INFO 49660 --- [    Test worker] s.w.s.m.m.a.RequestMappingHandlerMapping : Mapped "{[/update-user],methods=[POST]}" onto public com.ironyard.entities.User com.ironyard.controllers.BandInTrebleController.updateUser(javax.servlet.http.HttpSession,com.ironyard.entities.User)
2016-07-10 14:25:18.279  INFO 49660 --- [    Test worker] s.w.s.m.m.a.RequestMappingHandlerMapping : Mapped "{[/band-manager],methods=[GET]}" onto public java.lang.Iterable<com.ironyard.entities.Musician> com.ironyard.controllers.BandInTrebleController.getMusician(javax.servlet.http.HttpSession,java.lang.String)
2016-07-10 14:25:18.279  INFO 49660 --- [    Test worker] s.w.s.m.m.a.RequestMappingHandlerMapping : Mapped "{[/band-manager],methods=[POST]}" onto public com.ironyard.entities.BandManager com.ironyard.controllers.BandInTrebleController.postGig(javax.servlet.http.HttpSession,com.ironyard.entities.BandManager)
2016-07-10 14:25:18.280  INFO 49660 --- [    Test worker] s.w.s.m.m.a.RequestMappingHandlerMapping : Mapped "{[/band-manager],methods=[PUT]}" onto public com.ironyard.entities.BandManager com.ironyard.controllers.BandInTrebleController.putGig(javax.servlet.http.HttpSession,com.ironyard.entities.BandManager)
2016-07-10 14:25:18.280  INFO 49660 --- [    Test worker] s.w.s.m.m.a.RequestMappingHandlerMapping : Mapped "{[/band-manager],methods=[DELETE]}" onto public com.ironyard.entities.User com.ironyard.controllers.BandInTrebleController.deleteGig(javax.servlet.http.HttpSession,com.ironyard.entities.BandManager)
2016-07-10 14:25:18.280  INFO 49660 --- [    Test worker] s.w.s.m.m.a.RequestMappingHandlerMapping : Mapped "{[/musician],methods=[GET]}" onto public java.lang.Iterable<com.ironyard.entities.BandManager> com.ironyard.controllers.BandInTrebleController.getGig(javax.servlet.http.HttpSession,java.lang.Boolean,java.lang.Boolean,java.lang.Boolean,java.lang.Boolean,java.lang.Boolean,java.lang.Boolean,java.lang.Boolean,java.lang.Boolean,java.lang.Boolean)
2016-07-10 14:25:18.280  INFO 49660 --- [    Test worker] s.w.s.m.m.a.RequestMappingHandlerMapping : Mapped "{[/musician],methods=[POST]}" onto public com.ironyard.entities.Musician com.ironyard.controllers.BandInTrebleController.postMusician(javax.servlet.http.HttpSession,com.ironyard.entities.Musician)
2016-07-10 14:25:18.281  INFO 49660 --- [    Test worker] s.w.s.m.m.a.RequestMappingHandlerMapping : Mapped "{[/musician],methods=[PUT]}" onto public com.ironyard.entities.Musician com.ironyard.controllers.BandInTrebleController.putMusician(javax.servlet.http.HttpSession,com.ironyard.entities.Musician)
2016-07-10 14:25:18.281  INFO 49660 --- [    Test worker] s.w.s.m.m.a.RequestMappingHandlerMapping : Mapped "{[/musician],methods=[DELETE]}" onto public com.ironyard.entities.User com.ironyard.controllers.BandInTrebleController.deleteMusician(javax.servlet.http.HttpSession,com.ironyard.entities.Musician)
2016-07-10 14:25:18.281  INFO 49660 --- [    Test worker] s.w.s.m.m.a.RequestMappingHandlerMapping : Mapped "{[/login],methods=[POST]}" onto public com.ironyard.entities.User com.ironyard.controllers.BandInTrebleController.login(com.ironyard.entities.User,javax.servlet.http.HttpSession) throws java.lang.Exception
2016-07-10 14:25:18.281  INFO 49660 --- [    Test worker] s.w.s.m.m.a.RequestMappingHandlerMapping : Mapped "{[/logout],methods=[POST]}" onto public void com.ironyard.controllers.BandInTrebleController.logout(javax.servlet.http.HttpSession) throws java.lang.Exception
2016-07-10 14:25:18.283  INFO 49660 --- [    Test worker] s.w.s.m.m.a.RequestMappingHandlerMapping : Mapped "{[/error]}" onto public org.springframework.http.ResponseEntity<java.util.Map<java.lang.String, java.lang.Object>> org.springframework.boot.autoconfigure.web.BasicErrorController.error(javax.servlet.http.HttpServletRequest)
2016-07-10 14:25:18.283  INFO 49660 --- [    Test worker] s.w.s.m.m.a.RequestMappingHandlerMapping : Mapped "{[/error],produces=[text/html]}" onto public org.springframework.web.servlet.ModelAndView org.springframework.boot.autoconfigure.web.BasicErrorController.errorHtml(javax.servlet.http.HttpServletRequest,javax.servlet.http.HttpServletResponse)
2016-07-10 14:25:18.305  INFO 49660 --- [    Test worker] o.s.w.s.handler.SimpleUrlHandlerMapping  : Mapped URL path [/webjars/**] onto handler of type [class org.springframework.web.servlet.resource.ResourceHttpRequestHandler]
2016-07-10 14:25:18.305  INFO 49660 --- [    Test worker] o.s.w.s.handler.SimpleUrlHandlerMapping  : Mapped URL path [/**] onto handler of type [class org.springframework.web.servlet.resource.ResourceHttpRequestHandler]
2016-07-10 14:25:18.331  INFO 49660 --- [    Test worker] o.s.w.s.handler.SimpleUrlHandlerMapping  : Mapped URL path [/**/favicon.ico] onto handler of type [class org.springframework.web.servlet.resource.ResourceHttpRequestHandler]
2016-07-10 14:25:18.486  INFO 49660 --- [    Test worker] c.ironyard.BandInTrebleApplicationTests  : Started BandInTrebleApplicationTests in 3.37 seconds (JVM running for 3.955)
]]></system-out>
  <system-err><![CDATA[]]></system-err>
</testsuite>
