<?xml version="1.0" encoding="UTF-8"?>
<testsuite name="com.ironyard.BandInTrebleApplicationTests" tests="1" skipped="0" failures="0" errors="0" timestamp="2016-07-10T20:04:22" hostname="Jeffrys-MacBook-Pro.local" time="0.002">
  <properties/>
  <testcase name="contextLoads" classname="com.ironyard.BandInTrebleApplicationTests" time="0.002"/>
  <system-out><![CDATA[16:04:19.023 [Test worker] DEBUG org.springframework.test.context.junit4.SpringJUnit4ClassRunner - SpringJUnit4ClassRunner constructor called with [class com.ironyard.BandInTrebleApplicationTests]
16:04:19.027 [Test worker] DEBUG org.springframework.test.context.BootstrapUtils - Instantiating CacheAwareContextLoaderDelegate from class [org.springframework.test.context.cache.DefaultCacheAwareContextLoaderDelegate]
16:04:19.030 [Test worker] DEBUG org.springframework.test.context.BootstrapUtils - Instantiating BootstrapContext using constructor [public org.springframework.test.context.support.DefaultBootstrapContext(java.lang.Class,org.springframework.test.context.CacheAwareContextLoaderDelegate)]
16:04:19.039 [Test worker] DEBUG org.springframework.test.context.BootstrapUtils - Instantiating TestContextBootstrapper for test class [com.ironyard.BandInTrebleApplicationTests] from class [org.springframework.test.context.web.WebTestContextBootstrapper]
16:04:19.055 [Test worker] DEBUG org.springframework.test.context.web.WebTestContextBootstrapper - Found explicit ContextLoader class [org.springframework.boot.test.SpringApplicationContextLoader] for context configuration attributes [ContextConfigurationAttributes@1771cc23 declaringClass = 'com.ironyard.BandInTrebleApplicationTests', classes = '{class com.ironyard.BandInTrebleApplication}', locations = '{}', inheritLocations = true, initializers = '{}', inheritInitializers = true, name = [null], contextLoaderClass = 'org.springframework.boot.test.SpringApplicationContextLoader']
16:04:19.060 [Test worker] DEBUG org.springframework.test.context.support.AbstractContextLoader - Did not detect default resource location for test class [com.ironyard.BandInTrebleApplicationTests]: class path resource [com/ironyard/BandInTrebleApplicationTests-context.xml] does not exist
16:04:19.061 [Test worker] DEBUG org.springframework.test.context.support.AbstractContextLoader - Did not detect default resource location for test class [com.ironyard.BandInTrebleApplicationTests]: class path resource [com/ironyard/BandInTrebleApplicationTestsContext.groovy] does not exist
16:04:19.061 [Test worker] INFO org.springframework.test.context.support.AbstractContextLoader - Could not detect default resource locations for test class [com.ironyard.BandInTrebleApplicationTests]: no resource found for suffixes {-context.xml, Context.groovy}.
16:04:19.062 [Test worker] DEBUG org.springframework.test.context.support.ActiveProfilesUtils - Could not find an 'annotation declaring class' for annotation type [org.springframework.test.context.ActiveProfiles] and class [com.ironyard.BandInTrebleApplicationTests]
16:04:19.065 [Test worker] DEBUG org.springframework.test.context.web.WebTestContextBootstrapper - @TestExecutionListeners is not present for class [com.ironyard.BandInTrebleApplicationTests]: using defaults.
16:04:19.071 [Test worker] INFO org.springframework.test.context.web.WebTestContextBootstrapper - Loaded default TestExecutionListener class names from location [META-INF/spring.factories]: [org.springframework.test.context.web.ServletTestExecutionListener, org.springframework.test.context.support.DirtiesContextBeforeModesTestExecutionListener, org.springframework.test.context.support.DependencyInjectionTestExecutionListener, org.springframework.test.context.support.DirtiesContextTestExecutionListener, org.springframework.test.context.transaction.TransactionalTestExecutionListener, org.springframework.test.context.jdbc.SqlScriptsTestExecutionListener]
16:04:19.083 [Test worker] INFO org.springframework.test.context.web.WebTestContextBootstrapper - Using TestExecutionListeners: [org.springframework.test.context.web.ServletTestExecutionListener@4d03c09f, org.springframework.test.context.support.DirtiesContextBeforeModesTestExecutionListener@34aeff75, org.springframework.test.context.support.DependencyInjectionTestExecutionListener@4becf077, org.springframework.test.context.support.DirtiesContextTestExecutionListener@29a35671, org.springframework.test.context.transaction.TransactionalTestExecutionListener@7af76ce2, org.springframework.test.context.jdbc.SqlScriptsTestExecutionListener@39e1619e]
16:04:19.085 [Test worker] DEBUG org.springframework.test.annotation.ProfileValueUtils - Retrieved @ProfileValueSourceConfiguration [null] for test class [com.ironyard.BandInTrebleApplicationTests]
16:04:19.086 [Test worker] DEBUG org.springframework.test.annotation.ProfileValueUtils - Retrieved ProfileValueSource type [class org.springframework.test.annotation.SystemProfileValueSource] for class [com.ironyard.BandInTrebleApplicationTests]
16:04:19.086 [Test worker] DEBUG org.springframework.test.annotation.ProfileValueUtils - Retrieved @ProfileValueSourceConfiguration [null] for test class [com.ironyard.BandInTrebleApplicationTests]
16:04:19.086 [Test worker] DEBUG org.springframework.test.annotation.ProfileValueUtils - Retrieved ProfileValueSource type [class org.springframework.test.annotation.SystemProfileValueSource] for class [com.ironyard.BandInTrebleApplicationTests]
16:04:19.088 [Test worker] DEBUG org.springframework.test.context.support.AbstractDirtiesContextTestExecutionListener - Before test class: context [DefaultTestContext@76e6617c testClass = BandInTrebleApplicationTests, testInstance = [null], testMethod = [null], testException = [null], mergedContextConfiguration = [WebMergedContextConfiguration@3cb1c6ee testClass = BandInTrebleApplicationTests, locations = '{}', classes = '{class com.ironyard.BandInTrebleApplication}', contextInitializerClasses = '[]', activeProfiles = '{}', propertySourceLocations = '{}', propertySourceProperties = '{}', resourceBasePath = 'src/main/webapp', contextLoader = 'org.springframework.boot.test.SpringApplicationContextLoader', parent = [null]]], class annotated with @DirtiesContext [false] with mode [null].
16:04:19.088 [Test worker] DEBUG org.springframework.test.annotation.ProfileValueUtils - Retrieved @ProfileValueSourceConfiguration [null] for test class [com.ironyard.BandInTrebleApplicationTests]
16:04:19.089 [Test worker] DEBUG org.springframework.test.annotation.ProfileValueUtils - Retrieved ProfileValueSource type [class org.springframework.test.annotation.SystemProfileValueSource] for class [com.ironyard.BandInTrebleApplicationTests]
16:04:19.136 [Test worker] DEBUG org.springframework.core.env.StandardEnvironment - Adding [systemProperties] PropertySource with lowest search precedence
16:04:19.137 [Test worker] DEBUG org.springframework.core.env.StandardEnvironment - Adding [systemEnvironment] PropertySource with lowest search precedence
16:04:19.137 [Test worker] DEBUG org.springframework.core.env.StandardEnvironment - Initialized StandardEnvironment with PropertySources [systemProperties,systemEnvironment]
16:04:19.138 [Test worker] DEBUG org.springframework.core.env.StandardEnvironment - Adding [integrationTest] PropertySource with search precedence immediately lower than [systemEnvironment]

  .   ____          _            __ _ _
 /\\ / ___'_ __ _ _(_)_ __  __ _ \ \ \ \
( ( )\___ | '_ | '_| | '_ \/ _` | \ \ \ \
 \\/  ___)| |_)| | | | | || (_| |  ) ) ) )
  '  |____| .__|_| |_|_| |_\__, | / / / /
 =========|_|==============|___/=/_/_/_/
 :: Spring Boot ::        (v1.3.6.RELEASE)

2016-07-10 16:04:19.332  INFO 51011 --- [    Test worker] c.ironyard.BandInTrebleApplicationTests  : Starting BandInTrebleApplicationTests on Jeffrys-MacBook-Pro.local with PID 51011 (/Users/jeffryporter/IdeaProjects/BandInTreble/build/classes/test started by jeffryporter in /Users/jeffryporter/IdeaProjects/BandInTreble)
2016-07-10 16:04:19.333  INFO 51011 --- [    Test worker] c.ironyard.BandInTrebleApplicationTests  : No active profile set, falling back to default profiles: default
2016-07-10 16:04:19.380  INFO 51011 --- [    Test worker] o.s.w.c.s.GenericWebApplicationContext   : Refreshing org.springframework.web.context.support.GenericWebApplicationContext@201616d8: startup date [Sun Jul 10 16:04:19 EDT 2016]; root of context hierarchy
2016-07-10 16:04:20.218  INFO 51011 --- [    Test worker] trationDelegate$BeanPostProcessorChecker : Bean 'org.springframework.transaction.annotation.ProxyTransactionManagementConfiguration' of type [class org.springframework.transaction.annotation.ProxyTransactionManagementConfiguration$$EnhancerBySpringCGLIB$$5e558e74] is not eligible for getting processed by all BeanPostProcessors (for example: not eligible for auto-proxying)
2016-07-10 16:04:20.512  INFO 51011 --- [    Test worker] j.LocalContainerEntityManagerFactoryBean : Building JPA container EntityManagerFactory for persistence unit 'default'
2016-07-10 16:04:20.531  INFO 51011 --- [    Test worker] o.hibernate.jpa.internal.util.LogHelper  : HHH000204: Processing PersistenceUnitInfo [
	name: default
	...]
2016-07-10 16:04:20.584  INFO 51011 --- [    Test worker] org.hibernate.Version                    : HHH000412: Hibernate Core {4.3.11.Final}
2016-07-10 16:04:20.585  INFO 51011 --- [    Test worker] org.hibernate.cfg.Environment            : HHH000206: hibernate.properties not found
2016-07-10 16:04:20.586  INFO 51011 --- [    Test worker] org.hibernate.cfg.Environment            : HHH000021: Bytecode provider name : javassist
2016-07-10 16:04:20.692  INFO 51011 --- [    Test worker] o.hibernate.annotations.common.Version   : HCANN000001: Hibernate Commons Annotations {4.0.5.Final}
2016-07-10 16:04:20.881  INFO 51011 --- [    Test worker] org.hibernate.dialect.Dialect            : HHH000400: Using dialect: org.hibernate.dialect.H2Dialect
2016-07-10 16:04:20.966  INFO 51011 --- [    Test worker] o.h.h.i.ast.ASTQueryTranslatorFactory    : HHH000397: Using ASTQueryTranslatorFactory
2016-07-10 16:04:21.217  INFO 51011 --- [    Test worker] org.hibernate.tool.hbm2ddl.SchemaUpdate  : HHH000228: Running hbm2ddl schema update
2016-07-10 16:04:21.217  INFO 51011 --- [    Test worker] org.hibernate.tool.hbm2ddl.SchemaUpdate  : HHH000102: Fetching database metadata
2016-07-10 16:04:21.219  INFO 51011 --- [    Test worker] org.hibernate.tool.hbm2ddl.SchemaUpdate  : HHH000396: Updating schema
2016-07-10 16:04:21.231  INFO 51011 --- [    Test worker] o.hibernate.tool.hbm2ddl.TableMetadata   : HHH000261: Table found: MAIN.PUBLIC.BAND_MANAGERS
2016-07-10 16:04:21.231  INFO 51011 --- [    Test worker] o.hibernate.tool.hbm2ddl.TableMetadata   : HHH000037: Columns: [selected_musician_id, user_id, rating, id, instrument_needed]
2016-07-10 16:04:21.231  INFO 51011 --- [    Test worker] o.hibernate.tool.hbm2ddl.TableMetadata   : HHH000108: Foreign keys: [fk_h9tpbt5dyfor86ymp3r3j405g, fk_rjkufop1kkt40o345fpk5psni]
2016-07-10 16:04:21.231  INFO 51011 --- [    Test worker] o.hibernate.tool.hbm2ddl.TableMetadata   : HHH000126: Indexes: [fk_h9tpbt5dyfor86ymp3r3j405g_index_e, fk_rjkufop1kkt40o345fpk5psni_index_e, primary_key_e]
2016-07-10 16:04:21.235  INFO 51011 --- [    Test worker] o.hibernate.tool.hbm2ddl.TableMetadata   : HHH000261: Table found: MAIN.PUBLIC.MUSICIANS
2016-07-10 16:04:21.235  INFO 51011 --- [    Test worker] o.hibernate.tool.hbm2ddl.TableMetadata   : HHH000037: Columns: [backup_guitarist, cow_bell_player, rating, drummer, lead_guitarist, pianist, user_id, hourly_rate, backup_singer, bassist, id, lead_singer, tambourine]
2016-07-10 16:04:21.235  INFO 51011 --- [    Test worker] o.hibernate.tool.hbm2ddl.TableMetadata   : HHH000108: Foreign keys: [fk_v5ghfq5d9sugbqsc26j73e93]
2016-07-10 16:04:21.236  INFO 51011 --- [    Test worker] o.hibernate.tool.hbm2ddl.TableMetadata   : HHH000126: Indexes: [primary_key_b, fk_v5ghfq5d9sugbqsc26j73e93_index_b]
2016-07-10 16:04:21.239  INFO 51011 --- [    Test worker] o.hibernate.tool.hbm2ddl.TableMetadata   : HHH000261: Table found: MAIN.PUBLIC.USERS
2016-07-10 16:04:21.239  INFO 51011 --- [    Test worker] o.hibernate.tool.hbm2ddl.TableMetadata   : HHH000037: Columns: [password, name, phone_number, id, avatar, email]
2016-07-10 16:04:21.239  INFO 51011 --- [    Test worker] o.hibernate.tool.hbm2ddl.TableMetadata   : HHH000108: Foreign keys: []
2016-07-10 16:04:21.239  INFO 51011 --- [    Test worker] o.hibernate.tool.hbm2ddl.TableMetadata   : HHH000126: Indexes: [primary_key_4]
2016-07-10 16:04:21.240  INFO 51011 --- [    Test worker] org.hibernate.tool.hbm2ddl.SchemaUpdate  : HHH000232: Schema update complete
2016-07-10 16:04:21.904  INFO 51011 --- [    Test worker] s.w.s.m.m.a.RequestMappingHandlerAdapter : Looking for @ControllerAdvice: org.springframework.web.context.support.GenericWebApplicationContext@201616d8: startup date [Sun Jul 10 16:04:19 EDT 2016]; root of context hierarchy
2016-07-10 16:04:21.965  INFO 51011 --- [    Test worker] s.w.s.m.m.a.RequestMappingHandlerMapping : Mapped "{[/login],methods=[POST]}" onto public com.ironyard.entities.User com.ironyard.controllers.BandInTrebleController.login(com.ironyard.entities.User,javax.servlet.http.HttpSession) throws java.lang.Exception
2016-07-10 16:04:21.966  INFO 51011 --- [    Test worker] s.w.s.m.m.a.RequestMappingHandlerMapping : Mapped "{[/logout],methods=[POST]}" onto public void com.ironyard.controllers.BandInTrebleController.logout(javax.servlet.http.HttpSession) throws java.lang.Exception
2016-07-10 16:04:21.966  INFO 51011 --- [    Test worker] s.w.s.m.m.a.RequestMappingHandlerMapping : Mapped "{[/band-manager],methods=[PUT]}" onto public com.ironyard.entities.BandManager com.ironyard.controllers.BandInTrebleController.putGig(javax.servlet.http.HttpSession,com.ironyard.entities.BandManager)
2016-07-10 16:04:21.966  INFO 51011 --- [    Test worker] s.w.s.m.m.a.RequestMappingHandlerMapping : Mapped "{[/band-manager],methods=[POST]}" onto public com.ironyard.entities.BandManager com.ironyard.controllers.BandInTrebleController.postGig(javax.servlet.http.HttpSession,com.ironyard.entities.BandManager)
2016-07-10 16:04:21.967  INFO 51011 --- [    Test worker] s.w.s.m.m.a.RequestMappingHandlerMapping : Mapped "{[/musician],methods=[GET]}" onto public java.lang.Iterable<com.ironyard.entities.BandManager> com.ironyard.controllers.BandInTrebleController.getGig(javax.servlet.http.HttpSession,java.lang.Boolean,java.lang.Boolean,java.lang.Boolean,java.lang.Boolean,java.lang.Boolean,java.lang.Boolean,java.lang.Boolean,java.lang.Boolean,java.lang.Boolean)
2016-07-10 16:04:21.967  INFO 51011 --- [    Test worker] s.w.s.m.m.a.RequestMappingHandlerMapping : Mapped "{[/update-user],methods=[POST]}" onto public com.ironyard.entities.User com.ironyard.controllers.BandInTrebleController.updateUser(javax.servlet.http.HttpSession,com.ironyard.entities.User)
2016-07-10 16:04:21.967  INFO 51011 --- [    Test worker] s.w.s.m.m.a.RequestMappingHandlerMapping : Mapped "{[/band-manager],methods=[GET]}" onto public java.lang.Iterable<com.ironyard.entities.Musician> com.ironyard.controllers.BandInTrebleController.getMusician(javax.servlet.http.HttpSession,java.lang.String)
2016-07-10 16:04:21.967  INFO 51011 --- [    Test worker] s.w.s.m.m.a.RequestMappingHandlerMapping : Mapped "{[/band-manager],methods=[DELETE]}" onto public com.ironyard.entities.User com.ironyard.controllers.BandInTrebleController.deleteGig(javax.servlet.http.HttpSession,com.ironyard.entities.BandManager)
2016-07-10 16:04:21.968  INFO 51011 --- [    Test worker] s.w.s.m.m.a.RequestMappingHandlerMapping : Mapped "{[/musician],methods=[POST]}" onto public com.ironyard.entities.Musician com.ironyard.controllers.BandInTrebleController.postMusician(javax.servlet.http.HttpSession,com.ironyard.entities.Musician)
2016-07-10 16:04:21.968  INFO 51011 --- [    Test worker] s.w.s.m.m.a.RequestMappingHandlerMapping : Mapped "{[/musician],methods=[PUT]}" onto public com.ironyard.entities.Musician com.ironyard.controllers.BandInTrebleController.putMusician(javax.servlet.http.HttpSession,com.ironyard.entities.Musician)
2016-07-10 16:04:21.968  INFO 51011 --- [    Test worker] s.w.s.m.m.a.RequestMappingHandlerMapping : Mapped "{[/musician],methods=[DELETE]}" onto public com.ironyard.entities.User com.ironyard.controllers.BandInTrebleController.deleteMusician(javax.servlet.http.HttpSession,com.ironyard.entities.Musician)
2016-07-10 16:04:21.969  INFO 51011 --- [    Test worker] s.w.s.m.m.a.RequestMappingHandlerMapping : Mapped "{[/error]}" onto public org.springframework.http.ResponseEntity<java.util.Map<java.lang.String, java.lang.Object>> org.springframework.boot.autoconfigure.web.BasicErrorController.error(javax.servlet.http.HttpServletRequest)
2016-07-10 16:04:21.970  INFO 51011 --- [    Test worker] s.w.s.m.m.a.RequestMappingHandlerMapping : Mapped "{[/error],produces=[text/html]}" onto public org.springframework.web.servlet.ModelAndView org.springframework.boot.autoconfigure.web.BasicErrorController.errorHtml(javax.servlet.http.HttpServletRequest,javax.servlet.http.HttpServletResponse)
2016-07-10 16:04:21.987  INFO 51011 --- [    Test worker] o.s.w.s.handler.SimpleUrlHandlerMapping  : Mapped URL path [/webjars/**] onto handler of type [class org.springframework.web.servlet.resource.ResourceHttpRequestHandler]
2016-07-10 16:04:21.987  INFO 51011 --- [    Test worker] o.s.w.s.handler.SimpleUrlHandlerMapping  : Mapped URL path [/**] onto handler of type [class org.springframework.web.servlet.resource.ResourceHttpRequestHandler]
2016-07-10 16:04:22.012  INFO 51011 --- [    Test worker] o.s.w.s.handler.SimpleUrlHandlerMapping  : Mapped URL path [/**/favicon.ico] onto handler of type [class org.springframework.web.servlet.resource.ResourceHttpRequestHandler]
2016-07-10 16:04:22.150  INFO 51011 --- [    Test worker] c.ironyard.BandInTrebleApplicationTests  : Started BandInTrebleApplicationTests in 3.005 seconds (JVM running for 3.572)
]]></system-out>
  <system-err><![CDATA[]]></system-err>
</testsuite>
